{"type":"server-started","port":55116,"host":"127.0.0.1","url_host":"localhost","url":"http://localhost:55116","screen_dir":"/Users/geonwoo/marketo-send-automation/.superpowers/brainstorm/71316-1776915016/content","state_dir":"/Users/geonwoo/marketo-send-automation/.superpowers/brainstorm/71316-1776915016/state"}
{"type":"screen-added","file":"/Users/geonwoo/marketo-send-automation/.superpowers/brainstorm/71316-1776915016/content/q1-asset-selection.html"}
{"source":"user-event","type":"click","text":"B\n    \n      Marketo API에서 에셋 목록을 불러와서 선택\n      Marketo에 미리 만들어둔 이메일/캠페인 목록을 API로 가져와 드롭다운으로 표시. 대시보드에서 어떤 이메일 디자인을 쓸지 선택하고, 어느 그룹(Smart Campaign)으로 발송할지도 선택한다.","choice":"b","id":null,"timestamp":1776915244816}
{"source":"user-event","type":"click","text":"B\n    \n      Marketo API에서 에셋 목록을 불러와서 선택\n      Marketo에 미리 만들어둔 이메일/캠페인 목록을 API로 가져와 드롭다운으로 표시. 대시보드에서 어떤 이메일 디자인을 쓸지 선택하고, 어느 그룹(Smart Campaign)으로 발송할지도 선택한다.","choice":"b","id":null,"timestamp":1776915262322}
{"source":"user-event","type":"click","text":"B\n    \n      Marketo API에서 에셋 목록을 불러와서 선택\n      Marketo에 미리 만들어둔 이메일/캠페인 목록을 API로 가져와 드롭다운으로 표시. 대시보드에서 어떤 이메일 디자인을 쓸지 선택하고, 어느 그룹(Smart Campaign)으로 발송할지도 선택한다.","choice":"b","id":null,"timestamp":1776915262502}
{"source":"user-event","type":"click","text":"B\n    \n      Marketo API에서 에셋 목록을 불러와서 선택\n      Marketo에 미리 만들어둔 이메일/캠페인 목록을 API로 가져와 드롭다운으로 표시. 대시보드에서 어떤 이메일 디자인을 쓸지 선택하고, 어느 그룹(Smart Campaign)으로 발송할지도 선택한다.","choice":"b","id":null,"timestamp":1776915266103}
{"source":"user-event","type":"click","text":"B\n    \n      Marketo API에서 에셋 목록을 불러와서 선택\n      Marketo에 미리 만들어둔 이메일/캠페인 목록을 API로 가져와 드롭다운으로 표시. 대시보드에서 어떤 이메일 디자인을 쓸지 선택하고, 어느 그룹(Smart Campaign)으로 발송할지도 선택한다.","choice":"b","id":null,"timestamp":1776915266450}
{"source":"user-event","type":"click","text":"B\n    \n      Marketo API에서 에셋 목록을 불러와서 선택\n      Marketo에 미리 만들어둔 이메일/캠페인 목록을 API로 가져와 드롭다운으로 표시. 대시보드에서 어떤 이메일 디자인을 쓸지 선택하고, 어느 그룹(Smart Campaign)으로 발송할지도 선택한다.","choice":"b","id":null,"timestamp":1776915266626}
{"source":"user-event","type":"click","text":"B\n    \n      Marketo API에서 에셋 목록을 불러와서 선택\n      Marketo에 미리 만들어둔 이메일/캠페인 목록을 API로 가져와 드롭다운으로 표시. 대시보드에서 어떤 이메일 디자인을 쓸지 선택하고, 어느 그룹(Smart Campaign)으로 발송할지도 선택한다.","choice":"b","id":null,"timestamp":1776915266792}
{"source":"user-event","type":"click","text":"B\n    \n      Marketo API에서 에셋 목록을 불러와서 선택\n      Marketo에 미리 만들어둔 이메일/캠페인 목록을 API로 가져와 드롭다운으로 표시. 대시보드에서 어떤 이메일 디자인을 쓸지 선택하고, 어느 그룹(Smart Campaign)으로 발송할지도 선택한다.","choice":"b","id":null,"timestamp":1776915270751}
{"type":"screen-added","file":"/Users/geonwoo/marketo-send-automation/.superpowers/brainstorm/71316-1776915016/content/q2-group-relation.html"}
{"source":"user-event","type":"click","text":"B\n    \n      여러 그룹 동시 선택 가능\n      같은 에셋 + URL로 Active A, FP Active 등 여러 그룹을 한 번에 체크해서 예약한다. 내부적으로는 그룹별 Smart Campaign이 각각 실행된다.","choice":"b","id":null,"timestamp":1776915399814}
{"source":"user-event","type":"click","text":"B\n    \n      여러 그룹 동시 선택 가능\n      같은 에셋 + URL로 Active A, FP Active 등 여러 그룹을 한 번에 체크해서 예약한다. 내부적으로는 그룹별 Smart Campaign이 각각 실행된다.","choice":"b","id":null,"timestamp":1776915399993}
{"type":"screen-added","file":"/Users/geonwoo/marketo-send-automation/.superpowers/brainstorm/71316-1776915016/content/q3-timezone.html"}
{"source":"user-event","type":"click","text":"B\n    \n      그룹별 개별 설정\n      각 그룹마다 RTZ/KST를 따로 선택할 수 있다.\n      예: Active A → RTZ, NP Active → KST","choice":"b","id":null,"timestamp":1776915511299}
{"type":"screen-added","file":"/Users/geonwoo/marketo-send-automation/.superpowers/brainstorm/71316-1776915016/content/q4-test-email.html"}
{"type":"screen-added","file":"/Users/geonwoo/marketo-send-automation/.superpowers/brainstorm/71316-1776915016/content/approaches.html"}
{"source":"user-event","type":"click","text":"에셋 드롭다운\n        URL 입력 + [테스트]\n      \n      \n        Active A날짜·시간·RTZ□KST\n        Active B날짜·시간·RTZ□KST\n        FP Active날짜·시간·RTZ□KST\n        NP Active비활성\n      \n      선택된 그룹 예약\n    \n    \n      B. 올인원 단일 페이지 ⭐ 추천\n      에셋+URL이 상단에, 4개 그룹 카드가 하단에 한눈에 보임. 1주일치 스케줄을 한 화면에서 설정.\n      \n        장점전체 그림이 한눈에빠른 설정 (스크롤 없이)주간 스케줄링에 최적\n        단점정보 밀도가 높아 초기에 복잡해 보일 수 있음","choice":"b","id":null,"timestamp":1776915660324}
{"type":"screen-added","file":"/Users/geonwoo/marketo-send-automation/.superpowers/brainstorm/71316-1776915016/content/mockup-main.html"}
{"type":"screen-added","file":"/Users/geonwoo/marketo-send-automation/.superpowers/brainstorm/71316-1776915016/content/mockup-v2.html"}
{"type":"server-stopped","reason":"idle timeout"}
